<?xml version="1.0" encoding="UTF-8"?>
<!-- Generated by org.testng.reporters.JUnitReportReporter -->
<testsuite skipped="0" hostname="SC-HFJS08221048" name="framework.keyworddriven.BaseKeywords" tests="1" failures="0" timestamp="06 九月 2018 07:53:20 GMT" time="0.023" errors="0">
  <testcase name="ttt" time="0.023" classname="framework.keyworddriven.BaseKeywords"/>
</testsuite> <!-- framework.keyworddriven.BaseKeywords -->
