<?xml version="1.0" encoding="UTF-8"?>
<!-- Generated by org.testng.reporters.JUnitReportReporter -->
<testsuite skipped="0" hostname="R5OH3Q25JENLYTP" name="framework.keyworddriven.TestBaseKeywords" tests="1" failures="0" timestamp="10 八月 2018 09:52:05 GMT" time="0.020" errors="0">
  <testcase name="testAssertNull" time="0.020" classname="framework.keyworddriven.TestBaseKeywords"/>
</testsuite> <!-- framework.keyworddriven.TestBaseKeywords -->
