<?xml version="1.0" encoding="UTF-8"?>
<!-- Generated by org.testng.reporters.JUnitReportReporter -->
<testsuite skipped="0" hostname="R5OH3Q25JENLYTP" name="basictest.TestConfigReader" tests="1" failures="0" timestamp="25 六月 2018 07:18:17 GMT" time="0.102" errors="0">
  <testcase name="testConfigReader" time="0.102" classname="basictest.TestConfigReader"/>
</testsuite> <!-- basictest.TestConfigReader -->
